2016-11-07 12:50:58 [INFO] Read document "model.mwb"
2016-11-07 12:50:58 [INFO] Processing schema "mydb"
2016-11-07 12:50:58 [INFO] Processing table "classroom"
2016-11-07 12:50:58 [INFO] Processing column "classroom.id"
2016-11-07 12:50:58 [INFO] Processing column "classroom.code"
2016-11-07 12:50:58 [INFO] Processing column "classroom.name"
2016-11-07 12:50:58 [INFO] Processing column "classroom.created_at"
2016-11-07 12:50:58 [INFO] Processing column "classroom.lastchange"
2016-11-07 12:50:58 [INFO] Processing column "classroom.user_id"
2016-11-07 12:50:58 [INFO] Processing table "user"
2016-11-07 12:50:58 [INFO] Processing column "user.id"
2016-11-07 12:50:58 [INFO] Processing column "user.gender"
2016-11-07 12:50:58 [INFO] Processing table "question_type"
2016-11-07 12:50:58 [INFO] Processing column "question_type.id"
2016-11-07 12:50:58 [INFO] Processing column "question_type.available"
2016-11-07 12:50:58 [INFO] Processing column "question_type.boolean"
2016-11-07 12:50:58 [INFO] Processing column "question_type.explanation"
2016-11-07 12:50:58 [INFO] Processing column "question_type.externalsource"
2016-11-07 12:50:58 [INFO] Processing column "question_type.name"
2016-11-07 12:50:58 [INFO] Processing column "question_type.multiplechoice"
2016-11-07 12:50:58 [INFO] Processing column "question_type.oneoption"
2016-11-07 12:50:58 [INFO] Processing column "question_type.shortanswer"
2016-11-07 12:50:58 [INFO] Processing column "question_type.created_at"
2016-11-07 12:50:58 [INFO] Processing table "question"
2016-11-07 12:50:58 [INFO] Processing column "question.id"
2016-11-07 12:50:58 [INFO] Processing column "question.title"
2016-11-07 12:50:58 [INFO] Processing column "question.detail"
2016-11-07 12:50:58 [INFO] Processing column "question.suggestion"
2016-11-07 12:50:58 [INFO] Processing column "question.question_type_id"
2016-11-07 12:50:58 [INFO] Processing column "question.created_at"
2016-11-07 12:50:58 [INFO] Processing column "question.created_by"
2016-11-07 12:50:58 [INFO] Processing column "question.showanswer"
2016-11-07 12:50:58 [INFO] Processing column "question.showresults"
2016-11-07 12:50:58 [INFO] Processing table "option"
2016-11-07 12:50:58 [INFO] Processing column "option.id"
2016-11-07 12:50:58 [INFO] Processing column "option.question_id"
2016-11-07 12:50:58 [INFO] Processing column "option.detail"
2016-11-07 12:50:58 [INFO] Processing column "option.iscorrect"
2016-11-07 12:50:58 [INFO] Processing table "activity"
2016-11-07 12:50:58 [INFO] Processing column "activity.id"
2016-11-07 12:50:58 [INFO] Processing column "activity.name"
2016-11-07 12:50:58 [INFO] Processing column "activity.created_at"
2016-11-07 12:50:58 [INFO] Processing column "activity.created_by"
2016-11-07 12:50:58 [INFO] Processing column "activity.activity_type_id"
2016-11-07 12:50:58 [INFO] Processing table "activity_question"
2016-11-07 12:50:58 [INFO] Processing column "activity_question.id"
2016-11-07 12:50:58 [INFO] Processing column "activity_question.activity_id"
2016-11-07 12:50:58 [INFO] Processing column "activity_question.question_id"
2016-11-07 12:50:58 [INFO] Processing column "activity_question.created_at"
2016-11-07 12:50:58 [INFO] Processing column "activity_question.created_by"
2016-11-07 12:50:58 [INFO] Processing table "classroom_question"
2016-11-07 12:50:58 [INFO] Processing column "classroom_question.id"
2016-11-07 12:50:58 [INFO] Processing column "classroom_question.created_at"
2016-11-07 12:50:58 [INFO] Processing column "classroom_question.question_id"
2016-11-07 12:50:58 [INFO] Processing column "classroom_question.classroom_id"
2016-11-07 12:50:58 [INFO] Processing column "classroom_question.session_id"
2016-11-07 12:50:58 [INFO] Processing table "classroom_activity"
2016-11-07 12:50:58 [INFO] Processing column "classroom_activity.id"
2016-11-07 12:50:58 [INFO] Processing column "classroom_activity.created_at"
2016-11-07 12:50:58 [INFO] Processing column "classroom_activity.activity_id"
2016-11-07 12:50:58 [INFO] Processing column "classroom_activity.classroom_id"
2016-11-07 12:50:58 [INFO] Processing column "classroom_activity.session_id"
2016-11-07 12:50:58 [INFO] Processing table "activity_type"
2016-11-07 12:50:58 [INFO] Processing column "activity_type.id"
2016-11-07 12:50:58 [INFO] Processing column "activity_type.available"
2016-11-07 12:50:58 [INFO] Processing column "activity_type.name"
2016-11-07 12:50:58 [INFO] Processing column "activity_type.explanation"
2016-11-07 12:50:58 [INFO] Processing column "activity_type.race"
2016-11-07 12:50:58 [INFO] Processing column "activity_type.quiz"
2016-11-07 12:50:58 [INFO] Processing column "activity_type.poll"
2016-11-07 12:50:58 [INFO] Processing table "classroom_report"
2016-11-07 12:50:58 [INFO] Processing column "classroom_report.id"
2016-11-07 12:50:58 [INFO] Processing column "classroom_report.report_type_id"
2016-11-07 12:50:58 [INFO] Processing column "classroom_report.classroom_id"
2016-11-07 12:50:58 [INFO] Processing table "report_type"
2016-11-07 12:50:58 [INFO] Processing column "report_type.id"
2016-11-07 12:50:58 [INFO] Processing column "report_type.available"
2016-11-07 12:50:58 [INFO] Processing column "report_type.name"
2016-11-07 12:50:58 [INFO] Processing column "report_type.explanation"
2016-11-07 12:50:58 [INFO] Processing column "report_type.daily"
2016-11-07 12:50:58 [INFO] Processing column "report_type.weekly"
2016-11-07 12:50:58 [INFO] Processing column "report_type.monthly"
2016-11-07 12:50:58 [INFO] Processing table "result_user"
2016-11-07 12:50:58 [INFO] Processing column "result_user.id"
2016-11-07 12:50:58 [INFO] Processing column "result_user.created_at"
2016-11-07 12:50:58 [INFO] Processing column "result_user.updated_at"
2016-11-07 12:50:58 [INFO] Processing column "result_user.question_id"
2016-11-07 12:50:58 [INFO] Processing column "result_user.user_id"
2016-11-07 12:50:58 [INFO] Processing column "result_user.iscorrect"
2016-11-07 12:50:58 [INFO] Processing column "result_user.activity_id"
2016-11-07 12:50:58 [INFO] Processing table "group"
2016-11-07 12:50:58 [INFO] Processing column "group.id"
2016-11-07 12:50:58 [INFO] Processing column "group.name"
2016-11-07 12:50:58 [INFO] Processing column "group.created_at"
2016-11-07 12:50:58 [INFO] Processing column "group.finished_at"
2016-11-07 12:50:58 [INFO] Processing column "group.classroom_id"
2016-11-07 12:50:58 [INFO] Processing table "group_member"
2016-11-07 12:50:58 [INFO] Processing column "group_member.id"
2016-11-07 12:50:58 [INFO] Processing column "group_member.group_id"
2016-11-07 12:50:58 [INFO] Processing column "group_member.user_id"
2016-11-07 12:50:58 [INFO] Processing table "session"
2016-11-07 12:50:58 [INFO] Processing column "session.id"
2016-11-07 12:50:58 [INFO] Processing column "session.created_at"
2016-11-07 12:50:58 [INFO] Processing column "session.finished_at"
2016-11-07 12:50:58 [INFO] Processing column "session.classroom_id"
2016-11-07 12:50:58 [INFO] Processing table "result_group"
2016-11-07 12:50:58 [INFO] Processing column "result_group.id"
2016-11-07 12:50:58 [INFO] Processing column "result_group.created_at"
2016-11-07 12:50:58 [INFO] Processing column "result_group.updated_at"
2016-11-07 12:50:58 [INFO] Processing column "result_group.iscorrect"
2016-11-07 12:50:58 [INFO] Processing column "result_group.group_id"
2016-11-07 12:50:58 [INFO] Processing column "result_group.question_id"
2016-11-07 12:50:58 [INFO] Processing column "result_group.activity_id"
2016-11-07 12:50:58 [INFO] Processing index "activity.PRIMARY"
2016-11-07 12:50:58 [INFO] Processing index "activity.fk_activity_activity_type1_idx"
2016-11-07 12:50:58 [INFO] Processing foreign key "activity.fk_activity_activity_type1"
2016-11-07 12:50:58 [INFO] Mark column activity.activity_type_id as foreign reference for activity_type
2016-11-07 12:50:58 [INFO] Mark column activity_type.id as local reference for activity_type
2016-11-07 12:50:58 [INFO] Processing index "activity_question.PRIMARY"
2016-11-07 12:50:58 [INFO] Processing index "activity_question.fk_activity_question_activity1_idx"
2016-11-07 12:50:58 [INFO] Processing index "activity_question.fk_activity_question_question1_idx"
2016-11-07 12:50:58 [INFO] Processing foreign key "activity_question.fk_activity_question_activity1"
2016-11-07 12:50:58 [INFO] Mark column activity_question.activity_id as foreign reference for activity
2016-11-07 12:50:58 [INFO] Mark column activity.id as local reference for activity
2016-11-07 12:50:58 [INFO] Processing foreign key "activity_question.fk_activity_question_question1"
2016-11-07 12:50:58 [INFO] Mark column activity_question.question_id as foreign reference for question
2016-11-07 12:50:58 [INFO] Mark column question.id as local reference for question
2016-11-07 12:50:58 [INFO] Processing index "activity_type.PRIMARY"
2016-11-07 12:50:58 [INFO] Processing index "classroom.PRIMARY"
2016-11-07 12:50:58 [INFO] Processing index "classroom.fk_classroom_user1_idx"
2016-11-07 12:50:58 [INFO] Processing foreign key "classroom.fk_classroom_user1"
2016-11-07 12:50:58 [INFO] Mark column classroom.user_id as foreign reference for user
2016-11-07 12:50:58 [INFO] Mark column user.id as local reference for user
2016-11-07 12:50:58 [INFO] Processing index "classroom_activity.PRIMARY"
2016-11-07 12:50:58 [INFO] Processing index "classroom_activity.fk_classroom_activity_activity1_idx"
2016-11-07 12:50:58 [INFO] Processing index "classroom_activity.fk_classroom_activity_classroom1_idx"
2016-11-07 12:50:58 [INFO] Processing index "classroom_activity.fk_classroom_activity_session1_idx"
2016-11-07 12:50:58 [INFO] Processing foreign key "classroom_activity.fk_classroom_activity_activity1"
2016-11-07 12:50:58 [INFO] Mark column classroom_activity.activity_id as foreign reference for activity
2016-11-07 12:50:58 [INFO] Mark column activity.id as local reference for activity
2016-11-07 12:50:58 [INFO] Processing foreign key "classroom_activity.fk_classroom_activity_classroom1"
2016-11-07 12:50:58 [INFO] Mark column classroom_activity.classroom_id as foreign reference for classroom
2016-11-07 12:50:58 [INFO] Mark column classroom.id as local reference for classroom
2016-11-07 12:50:58 [INFO] Processing foreign key "classroom_activity.fk_classroom_activity_session1"
2016-11-07 12:50:58 [INFO] Mark column classroom_activity.session_id as foreign reference for session
2016-11-07 12:50:58 [INFO] Mark column session.id as local reference for session
2016-11-07 12:50:58 [INFO] Processing index "classroom_question.PRIMARY"
2016-11-07 12:50:58 [INFO] Processing index "classroom_question.fk_classroom_question_question1_idx"
2016-11-07 12:50:58 [INFO] Processing index "classroom_question.fk_classroom_question_classroom1_idx"
2016-11-07 12:50:58 [INFO] Processing index "classroom_question.fk_classroom_question_session1_idx"
2016-11-07 12:50:58 [INFO] Processing foreign key "classroom_question.fk_classroom_question_question1"
2016-11-07 12:50:58 [INFO] Mark column classroom_question.question_id as foreign reference for question
2016-11-07 12:50:58 [INFO] Mark column question.id as local reference for question
2016-11-07 12:50:58 [INFO] Processing foreign key "classroom_question.fk_classroom_question_classroom1"
2016-11-07 12:50:58 [INFO] Mark column classroom_question.classroom_id as foreign reference for classroom
2016-11-07 12:50:58 [INFO] Mark column classroom.id as local reference for classroom
2016-11-07 12:50:58 [INFO] Processing foreign key "classroom_question.fk_classroom_question_session1"
2016-11-07 12:50:58 [INFO] Mark column classroom_question.session_id as foreign reference for session
2016-11-07 12:50:58 [INFO] Mark column session.id as local reference for session
2016-11-07 12:50:58 [INFO] Processing index "classroom_report.PRIMARY"
2016-11-07 12:50:58 [INFO] Processing index "classroom_report.fk_classroom_report_report_type1_idx"
2016-11-07 12:50:58 [INFO] Processing index "classroom_report.fk_classroom_report_classroom1_idx"
2016-11-07 12:50:58 [INFO] Processing foreign key "classroom_report.fk_classroom_report_report_type1"
2016-11-07 12:50:58 [INFO] Mark column classroom_report.report_type_id as foreign reference for report_type
2016-11-07 12:50:58 [INFO] Mark column report_type.id as local reference for report_type
2016-11-07 12:50:58 [INFO] Processing foreign key "classroom_report.fk_classroom_report_classroom1"
2016-11-07 12:50:58 [INFO] Mark column classroom_report.classroom_id as foreign reference for classroom
2016-11-07 12:50:58 [INFO] Mark column classroom.id as local reference for classroom
2016-11-07 12:50:58 [INFO] Processing index "group.PRIMARY"
2016-11-07 12:50:58 [INFO] Processing index "group.fk_group_classroom1_idx"
2016-11-07 12:50:58 [INFO] Processing foreign key "group.fk_group_classroom1"
2016-11-07 12:50:58 [INFO] Mark column group.classroom_id as foreign reference for classroom
2016-11-07 12:50:58 [INFO] Mark column classroom.id as local reference for classroom
2016-11-07 12:50:58 [INFO] Processing index "group_member.PRIMARY"
2016-11-07 12:50:58 [INFO] Processing index "group_member.fk_group_member_group1_idx"
2016-11-07 12:50:58 [INFO] Processing index "group_member.fk_group_member_user1_idx"
2016-11-07 12:50:58 [INFO] Processing foreign key "group_member.fk_group_member_group1"
2016-11-07 12:50:58 [INFO] Mark column group_member.group_id as foreign reference for group
2016-11-07 12:50:58 [INFO] Mark column group.id as local reference for group
2016-11-07 12:50:58 [INFO] Processing foreign key "group_member.fk_group_member_user1"
2016-11-07 12:50:58 [INFO] Mark column group_member.user_id as foreign reference for user
2016-11-07 12:50:58 [INFO] Mark column user.id as local reference for user
2016-11-07 12:50:58 [INFO] Processing index "option.PRIMARY"
2016-11-07 12:50:58 [INFO] Processing index "option.fk_option_question_idx"
2016-11-07 12:50:58 [INFO] Processing foreign key "option.fk_option_question"
2016-11-07 12:50:58 [INFO] Mark column option.question_id as foreign reference for question
2016-11-07 12:50:58 [INFO] Mark column question.id as local reference for question
2016-11-07 12:50:58 [INFO] Processing index "question.PRIMARY"
2016-11-07 12:50:58 [INFO] Processing index "question.fk_question_question_type1_idx"
2016-11-07 12:50:58 [INFO] Processing foreign key "question.fk_question_question_type1"
2016-11-07 12:50:58 [INFO] Mark column question.question_type_id as foreign reference for question_type
2016-11-07 12:50:58 [INFO] Mark column question_type.id as local reference for question_type
2016-11-07 12:50:58 [INFO] Processing index "question_type.PRIMARY"
2016-11-07 12:50:58 [INFO] Processing index "report_type.PRIMARY"
2016-11-07 12:50:58 [INFO] Processing index "result_group.PRIMARY"
2016-11-07 12:50:58 [INFO] Processing index "result_group.fk_result_group_group1_idx"
2016-11-07 12:50:58 [INFO] Processing index "result_group.fk_result_group_question1_idx"
2016-11-07 12:50:58 [INFO] Processing foreign key "result_group.fk_result_group_group1"
2016-11-07 12:50:58 [INFO] Mark column result_group.group_id as foreign reference for group
2016-11-07 12:50:58 [INFO] Mark column group.id as local reference for group
2016-11-07 12:50:58 [INFO] Processing foreign key "result_group.fk_result_group_question1"
2016-11-07 12:50:58 [INFO] Mark column result_group.question_id as foreign reference for question
2016-11-07 12:50:58 [INFO] Mark column question.id as local reference for question
2016-11-07 12:50:58 [INFO] Processing index "result_user.PRIMARY"
2016-11-07 12:50:58 [INFO] Processing index "result_user.fk_result_question1_idx"
2016-11-07 12:50:58 [INFO] Processing index "result_user.fk_result_user1_idx"
2016-11-07 12:50:58 [INFO] Processing foreign key "result_user.fk_result_question1"
2016-11-07 12:50:58 [INFO] Mark column result_user.question_id as foreign reference for question
2016-11-07 12:50:58 [INFO] Mark column question.id as local reference for question
2016-11-07 12:50:58 [INFO] Processing foreign key "result_user.fk_result_user1"
2016-11-07 12:50:58 [INFO] Mark column result_user.user_id as foreign reference for user
2016-11-07 12:50:58 [INFO] Mark column user.id as local reference for user
2016-11-07 12:50:58 [INFO] Processing index "session.PRIMARY"
2016-11-07 12:50:58 [INFO] Processing index "session.fk_session_classroom1_idx"
2016-11-07 12:50:58 [INFO] Processing foreign key "session.fk_session_classroom1"
2016-11-07 12:50:58 [INFO] Mark column session.classroom_id as foreign reference for classroom
2016-11-07 12:50:58 [INFO] Mark column classroom.id as local reference for classroom
2016-11-07 12:50:58 [INFO] Processing index "user.PRIMARY"
2016-11-07 12:50:58 [INFO]   * activity: M2M set to false, foreign keys not equal to 2
2016-11-07 12:50:58 [INFO]   * question: M2M set to false, foreign keys not equal to 2
2016-11-07 12:50:58 [INFO]   * activity_question: M2M set to false, columns are 3 or more
2016-11-07 12:50:58 [INFO]   * activity_type: M2M set to false, foreign keys not equal to 2
2016-11-07 12:50:58 [INFO]   * classroom: M2M set to false, foreign keys not equal to 2
2016-11-07 12:50:58 [INFO]   * classroom_activity: M2M set to false, foreign keys not equal to 2
2016-11-07 12:50:58 [INFO]   * classroom_question: M2M set to false, foreign keys not equal to 2
2016-11-07 12:50:58 [INFO]   * report_type: M2M set to false, foreign keys not equal to 2
2016-11-07 12:50:58 [INFO]   * classroom_report: M2M set to false, columns are 3 or more
2016-11-07 12:50:58 [INFO]   * group: M2M set to false, foreign keys not equal to 2
2016-11-07 12:50:58 [INFO]   * user: M2M set to false, foreign keys not equal to 2
2016-11-07 12:50:58 [INFO]   * group_member: M2M set to false, columns are 3 or more
2016-11-07 12:50:58 [INFO]   * option: M2M set to false, foreign keys not equal to 2
2016-11-07 12:50:58 [INFO]   * question_type: M2M set to false, foreign keys not equal to 2
2016-11-07 12:50:58 [INFO]   * result_group: M2M set to false, columns are 3 or more
2016-11-07 12:50:58 [INFO]   * result_user: M2M set to false, columns are 3 or more
2016-11-07 12:50:58 [INFO]   * session: M2M set to false, foreign keys not equal to 2
2016-11-07 12:50:58 [INFO] Start writing document "model.mwb"
2016-11-07 12:50:58 [INFO] Processing schema mydb:
2016-11-07 12:50:58 [INFO] Processing tables:
2016-11-07 12:50:58 [INFO] Writing table "Activity"
2016-11-07 12:50:58 [INFO]   Writing 1 <=> ? relation "ActivityQuestion"
2016-11-07 12:50:58 [INFO]   Relation considered as "1 <=> N"
2016-11-07 12:50:58 [INFO]   Writing 1 <=> ? relation "ClassroomActivity"
2016-11-07 12:50:58 [INFO]   Relation considered as "1 <=> N"
2016-11-07 12:50:58 [INFO]   Writing N <=> ? relation "ActivityType"
2016-11-07 12:50:58 [INFO]   Relation considered as "N <=> 1"
2016-11-07 12:50:58 [INFO]   Writing N <=> 1 constructor "ActivityQuestion"
2016-11-07 12:50:58 [INFO]   Writing N <=> 1 constructor "ClassroomActivity"
2016-11-07 12:50:58 [INFO]   Writing setter/getter for column "id"
2016-11-07 12:50:58 [INFO]   Writing setter/getter for column "name"
2016-11-07 12:50:58 [INFO]   Writing setter/getter for column "created_at"
2016-11-07 12:50:58 [INFO]   Writing setter/getter for column "created_by"
2016-11-07 12:50:58 [INFO]   Writing setter/getter for column "activity_type_id"
2016-11-07 12:50:58 [INFO]   Writing setter/getter for N <=> ? "fk_activity_question_activity1"
2016-11-07 12:50:58 [INFO]   Applying setter/getter for "N <=> 1"
2016-11-07 12:50:58 [INFO]   Writing setter/getter for N <=> ? "fk_classroom_activity_activity1"
2016-11-07 12:50:58 [INFO]   Applying setter/getter for "N <=> 1"
2016-11-07 12:50:58 [INFO]   Writing setter/getter for 1 <=> ? "fk_activity_activity_type1"
2016-11-07 12:50:58 [INFO]   Applying setter/getter for "1 <=> N"
2016-11-07 12:50:58 [INFO] * activity: OK
2016-11-07 12:50:58 [INFO] Writing table "ActivityQuestion"
2016-11-07 12:50:58 [INFO]   Writing N <=> ? relation "Activity"
2016-11-07 12:50:58 [INFO]   Relation considered as "N <=> 1"
2016-11-07 12:50:58 [INFO]   Writing N <=> ? relation "Question"
2016-11-07 12:50:58 [INFO]   Relation considered as "N <=> 1"
2016-11-07 12:50:58 [INFO]   Writing setter/getter for column "id"
2016-11-07 12:50:58 [INFO]   Writing setter/getter for column "activity_id"
2016-11-07 12:50:58 [INFO]   Writing setter/getter for column "question_id"
2016-11-07 12:50:58 [INFO]   Writing setter/getter for column "created_at"
2016-11-07 12:50:58 [INFO]   Writing setter/getter for column "created_by"
2016-11-07 12:50:58 [INFO]   Writing setter/getter for 1 <=> ? "fk_activity_question_activity1"
2016-11-07 12:50:58 [INFO]   Applying setter/getter for "1 <=> N"
2016-11-07 12:50:58 [INFO]   Writing setter/getter for 1 <=> ? "fk_activity_question_question1"
2016-11-07 12:50:58 [INFO]   Applying setter/getter for "1 <=> N"
2016-11-07 12:50:58 [INFO] * activity_question: OK
2016-11-07 12:50:58 [INFO] Writing table "ActivityType"
2016-11-07 12:50:58 [INFO]   Writing 1 <=> ? relation "Activity"
2016-11-07 12:50:58 [INFO]   Relation considered as "1 <=> N"
2016-11-07 12:50:58 [INFO]   Writing N <=> 1 constructor "Activity"
2016-11-07 12:50:58 [INFO]   Writing setter/getter for column "id"
2016-11-07 12:50:58 [INFO]   Writing setter/getter for column "available"
2016-11-07 12:50:58 [INFO]   Writing setter/getter for column "name"
2016-11-07 12:50:58 [INFO]   Writing setter/getter for column "explanation"
2016-11-07 12:50:58 [INFO]   Writing setter/getter for column "race"
2016-11-07 12:50:58 [INFO]   Writing setter/getter for column "quiz"
2016-11-07 12:50:58 [INFO]   Writing setter/getter for column "poll"
2016-11-07 12:50:58 [INFO]   Writing setter/getter for N <=> ? "fk_activity_activity_type1"
2016-11-07 12:50:58 [INFO]   Applying setter/getter for "N <=> 1"
2016-11-07 12:50:58 [INFO] * activity_type: OK
2016-11-07 12:50:58 [INFO] Writing table "Classroom"
2016-11-07 12:50:58 [INFO]   Writing 1 <=> ? relation "ClassroomActivity"
2016-11-07 12:50:58 [INFO]   Relation considered as "1 <=> N"
2016-11-07 12:50:58 [INFO]   Writing 1 <=> ? relation "ClassroomQuestion"
2016-11-07 12:50:58 [INFO]   Relation considered as "1 <=> N"
2016-11-07 12:50:58 [INFO]   Writing 1 <=> ? relation "ClassroomReport"
2016-11-07 12:50:58 [INFO]   Relation considered as "1 <=> N"
2016-11-07 12:50:58 [INFO]   Writing 1 <=> ? relation "Group"
2016-11-07 12:50:58 [INFO]   Relation considered as "1 <=> N"
2016-11-07 12:50:58 [INFO]   Writing 1 <=> ? relation "Session"
2016-11-07 12:50:58 [INFO]   Relation considered as "1 <=> N"
2016-11-07 12:50:58 [INFO]   Writing N <=> ? relation "User"
2016-11-07 12:50:58 [INFO]   Relation considered as "N <=> 1"
2016-11-07 12:50:58 [INFO]   Writing N <=> 1 constructor "ClassroomActivity"
2016-11-07 12:50:58 [INFO]   Writing N <=> 1 constructor "ClassroomQuestion"
2016-11-07 12:50:58 [INFO]   Writing N <=> 1 constructor "ClassroomReport"
2016-11-07 12:50:58 [INFO]   Writing N <=> 1 constructor "Group"
2016-11-07 12:50:58 [INFO]   Writing N <=> 1 constructor "Session"
2016-11-07 12:50:58 [INFO]   Writing setter/getter for column "id"
2016-11-07 12:50:58 [INFO]   Writing setter/getter for column "code"
2016-11-07 12:50:58 [INFO]   Writing setter/getter for column "name"
2016-11-07 12:50:58 [INFO]   Writing setter/getter for column "created_at"
2016-11-07 12:50:58 [INFO]   Writing setter/getter for column "lastchange"
2016-11-07 12:50:58 [INFO]   Writing setter/getter for column "user_id"
2016-11-07 12:50:58 [INFO]   Writing setter/getter for N <=> ? "fk_classroom_activity_classroom1"
2016-11-07 12:50:58 [INFO]   Applying setter/getter for "N <=> 1"
2016-11-07 12:50:58 [INFO]   Writing setter/getter for N <=> ? "fk_classroom_question_classroom1"
2016-11-07 12:50:58 [INFO]   Applying setter/getter for "N <=> 1"
2016-11-07 12:50:58 [INFO]   Writing setter/getter for N <=> ? "fk_classroom_report_classroom1"
2016-11-07 12:50:58 [INFO]   Applying setter/getter for "N <=> 1"
2016-11-07 12:50:58 [INFO]   Writing setter/getter for N <=> ? "fk_group_classroom1"
2016-11-07 12:50:58 [INFO]   Applying setter/getter for "N <=> 1"
2016-11-07 12:50:58 [INFO]   Writing setter/getter for N <=> ? "fk_session_classroom1"
2016-11-07 12:50:58 [INFO]   Applying setter/getter for "N <=> 1"
2016-11-07 12:50:58 [INFO]   Writing setter/getter for 1 <=> ? "fk_classroom_user1"
2016-11-07 12:50:58 [INFO]   Applying setter/getter for "1 <=> N"
2016-11-07 12:50:58 [INFO] * classroom: OK
2016-11-07 12:50:58 [INFO] Writing table "ClassroomActivity"
2016-11-07 12:50:58 [INFO]   Writing N <=> ? relation "Activity"
2016-11-07 12:50:58 [INFO]   Relation considered as "N <=> 1"
2016-11-07 12:50:58 [INFO]   Writing N <=> ? relation "Classroom"
2016-11-07 12:50:58 [INFO]   Relation considered as "N <=> 1"
2016-11-07 12:50:58 [INFO]   Writing N <=> ? relation "Session"
2016-11-07 12:50:58 [INFO]   Relation considered as "N <=> 1"
2016-11-07 12:50:58 [INFO]   Writing setter/getter for column "id"
2016-11-07 12:50:58 [INFO]   Writing setter/getter for column "created_at"
2016-11-07 12:50:58 [INFO]   Writing setter/getter for column "activity_id"
2016-11-07 12:50:58 [INFO]   Writing setter/getter for column "classroom_id"
2016-11-07 12:50:58 [INFO]   Writing setter/getter for column "session_id"
2016-11-07 12:50:58 [INFO]   Writing setter/getter for 1 <=> ? "fk_classroom_activity_activity1"
2016-11-07 12:50:58 [INFO]   Applying setter/getter for "1 <=> N"
2016-11-07 12:50:58 [INFO]   Writing setter/getter for 1 <=> ? "fk_classroom_activity_classroom1"
2016-11-07 12:50:58 [INFO]   Applying setter/getter for "1 <=> N"
2016-11-07 12:50:58 [INFO]   Writing setter/getter for 1 <=> ? "fk_classroom_activity_session1"
2016-11-07 12:50:58 [INFO]   Applying setter/getter for "1 <=> N"
2016-11-07 12:50:58 [INFO] * classroom_activity: OK
2016-11-07 12:50:58 [INFO] Writing table "ClassroomQuestion"
2016-11-07 12:50:58 [INFO]   Writing N <=> ? relation "Question"
2016-11-07 12:50:58 [INFO]   Relation considered as "N <=> 1"
2016-11-07 12:50:58 [INFO]   Writing N <=> ? relation "Classroom"
2016-11-07 12:50:58 [INFO]   Relation considered as "N <=> 1"
2016-11-07 12:50:58 [INFO]   Writing N <=> ? relation "Session"
2016-11-07 12:50:58 [INFO]   Relation considered as "N <=> 1"
2016-11-07 12:50:58 [INFO]   Writing setter/getter for column "id"
2016-11-07 12:50:58 [INFO]   Writing setter/getter for column "created_at"
2016-11-07 12:50:58 [INFO]   Writing setter/getter for column "question_id"
2016-11-07 12:50:58 [INFO]   Writing setter/getter for column "classroom_id"
2016-11-07 12:50:58 [INFO]   Writing setter/getter for column "session_id"
2016-11-07 12:50:58 [INFO]   Writing setter/getter for 1 <=> ? "fk_classroom_question_question1"
2016-11-07 12:50:58 [INFO]   Applying setter/getter for "1 <=> N"
2016-11-07 12:50:58 [INFO]   Writing setter/getter for 1 <=> ? "fk_classroom_question_classroom1"
2016-11-07 12:50:58 [INFO]   Applying setter/getter for "1 <=> N"
2016-11-07 12:50:58 [INFO]   Writing setter/getter for 1 <=> ? "fk_classroom_question_session1"
2016-11-07 12:50:58 [INFO]   Applying setter/getter for "1 <=> N"
2016-11-07 12:50:58 [INFO] * classroom_question: OK
2016-11-07 12:50:58 [INFO] Writing table "ClassroomReport"
2016-11-07 12:50:58 [INFO]   Writing N <=> ? relation "ReportType"
2016-11-07 12:50:58 [INFO]   Relation considered as "N <=> 1"
2016-11-07 12:50:58 [INFO]   Writing N <=> ? relation "Classroom"
2016-11-07 12:50:58 [INFO]   Relation considered as "N <=> 1"
2016-11-07 12:50:58 [INFO]   Writing setter/getter for column "id"
2016-11-07 12:50:58 [INFO]   Writing setter/getter for column "report_type_id"
2016-11-07 12:50:58 [INFO]   Writing setter/getter for column "classroom_id"
2016-11-07 12:50:58 [INFO]   Writing setter/getter for 1 <=> ? "fk_classroom_report_report_type1"
2016-11-07 12:50:58 [INFO]   Applying setter/getter for "1 <=> N"
2016-11-07 12:50:58 [INFO]   Writing setter/getter for 1 <=> ? "fk_classroom_report_classroom1"
2016-11-07 12:50:58 [INFO]   Applying setter/getter for "1 <=> N"
2016-11-07 12:50:58 [INFO] * classroom_report: OK
2016-11-07 12:50:58 [INFO] Writing table "Group"
2016-11-07 12:50:58 [INFO]   Writing 1 <=> ? relation "GroupMember"
2016-11-07 12:50:58 [INFO]   Relation considered as "1 <=> N"
2016-11-07 12:50:58 [INFO]   Writing 1 <=> ? relation "ResultGroup"
2016-11-07 12:50:58 [INFO]   Relation considered as "1 <=> N"
2016-11-07 12:50:58 [INFO]   Writing N <=> ? relation "Classroom"
2016-11-07 12:50:58 [INFO]   Relation considered as "N <=> 1"
2016-11-07 12:50:58 [INFO]   Writing N <=> 1 constructor "GroupMember"
2016-11-07 12:50:58 [INFO]   Writing N <=> 1 constructor "ResultGroup"
2016-11-07 12:50:58 [INFO]   Writing setter/getter for column "id"
2016-11-07 12:50:58 [INFO]   Writing setter/getter for column "name"
2016-11-07 12:50:58 [INFO]   Writing setter/getter for column "created_at"
2016-11-07 12:50:58 [INFO]   Writing setter/getter for column "finished_at"
2016-11-07 12:50:58 [INFO]   Writing setter/getter for column "classroom_id"
2016-11-07 12:50:58 [INFO]   Writing setter/getter for N <=> ? "fk_group_member_group1"
2016-11-07 12:50:58 [INFO]   Applying setter/getter for "N <=> 1"
2016-11-07 12:50:58 [INFO]   Writing setter/getter for N <=> ? "fk_result_group_group1"
2016-11-07 12:50:58 [INFO]   Applying setter/getter for "N <=> 1"
2016-11-07 12:50:58 [INFO]   Writing setter/getter for 1 <=> ? "fk_group_classroom1"
2016-11-07 12:50:58 [INFO]   Applying setter/getter for "1 <=> N"
2016-11-07 12:50:58 [INFO] * group: OK
2016-11-07 12:50:58 [INFO] Writing table "GroupMember"
2016-11-07 12:50:58 [INFO]   Writing N <=> ? relation "Group"
2016-11-07 12:50:58 [INFO]   Relation considered as "N <=> 1"
2016-11-07 12:50:58 [INFO]   Writing N <=> ? relation "User"
2016-11-07 12:50:58 [INFO]   Relation considered as "N <=> 1"
2016-11-07 12:50:58 [INFO]   Writing setter/getter for column "id"
2016-11-07 12:50:58 [INFO]   Writing setter/getter for column "group_id"
2016-11-07 12:50:58 [INFO]   Writing setter/getter for column "user_id"
2016-11-07 12:50:58 [INFO]   Writing setter/getter for 1 <=> ? "fk_group_member_group1"
2016-11-07 12:50:58 [INFO]   Applying setter/getter for "1 <=> N"
2016-11-07 12:50:58 [INFO]   Writing setter/getter for 1 <=> ? "fk_group_member_user1"
2016-11-07 12:50:58 [INFO]   Applying setter/getter for "1 <=> N"
2016-11-07 12:50:58 [INFO] * group_member: OK
2016-11-07 12:50:58 [INFO] Writing table "Option"
2016-11-07 12:50:58 [INFO]   Writing N <=> ? relation "Question"
2016-11-07 12:50:58 [INFO]   Relation considered as "N <=> 1"
2016-11-07 12:50:58 [INFO]   Writing setter/getter for column "id"
2016-11-07 12:50:58 [INFO]   Writing setter/getter for column "question_id"
2016-11-07 12:50:58 [INFO]   Writing setter/getter for column "detail"
2016-11-07 12:50:58 [INFO]   Writing setter/getter for column "iscorrect"
2016-11-07 12:50:58 [INFO]   Writing setter/getter for 1 <=> ? "fk_option_question"
2016-11-07 12:50:58 [INFO]   Applying setter/getter for "1 <=> N"
2016-11-07 12:50:58 [INFO] * option: OK
2016-11-07 12:50:58 [INFO] Writing table "Question"
2016-11-07 12:50:58 [INFO]   Writing 1 <=> ? relation "ActivityQuestion"
2016-11-07 12:50:58 [INFO]   Relation considered as "1 <=> N"
2016-11-07 12:50:58 [INFO]   Writing 1 <=> ? relation "ClassroomQuestion"
2016-11-07 12:50:58 [INFO]   Relation considered as "1 <=> N"
2016-11-07 12:50:58 [INFO]   Writing 1 <=> ? relation "Option"
2016-11-07 12:50:58 [INFO]   Relation considered as "1 <=> N"
2016-11-07 12:50:58 [INFO]   Writing 1 <=> ? relation "ResultGroup"
2016-11-07 12:50:58 [INFO]   Relation considered as "1 <=> N"
2016-11-07 12:50:58 [INFO]   Writing 1 <=> ? relation "ResultUser"
2016-11-07 12:50:58 [INFO]   Relation considered as "1 <=> N"
2016-11-07 12:50:58 [INFO]   Writing N <=> ? relation "QuestionType"
2016-11-07 12:50:58 [INFO]   Relation considered as "N <=> 1"
2016-11-07 12:50:58 [INFO]   Writing N <=> 1 constructor "ActivityQuestion"
2016-11-07 12:50:58 [INFO]   Writing N <=> 1 constructor "ClassroomQuestion"
2016-11-07 12:50:58 [INFO]   Writing N <=> 1 constructor "Option"
2016-11-07 12:50:58 [INFO]   Writing N <=> 1 constructor "ResultGroup"
2016-11-07 12:50:58 [INFO]   Writing N <=> 1 constructor "ResultUser"
2016-11-07 12:50:58 [INFO]   Writing setter/getter for column "id"
2016-11-07 12:50:58 [INFO]   Writing setter/getter for column "title"
2016-11-07 12:50:58 [INFO]   Writing setter/getter for column "detail"
2016-11-07 12:50:58 [INFO]   Writing setter/getter for column "suggestion"
2016-11-07 12:50:58 [INFO]   Writing setter/getter for column "question_type_id"
2016-11-07 12:50:58 [INFO]   Writing setter/getter for column "created_at"
2016-11-07 12:50:58 [INFO]   Writing setter/getter for column "created_by"
2016-11-07 12:50:58 [INFO]   Writing setter/getter for column "showanswer"
2016-11-07 12:50:58 [INFO]   Writing setter/getter for column "showresults"
2016-11-07 12:50:58 [INFO]   Writing setter/getter for N <=> ? "fk_activity_question_question1"
2016-11-07 12:50:58 [INFO]   Applying setter/getter for "N <=> 1"
2016-11-07 12:50:58 [INFO]   Writing setter/getter for N <=> ? "fk_classroom_question_question1"
2016-11-07 12:50:58 [INFO]   Applying setter/getter for "N <=> 1"
2016-11-07 12:50:58 [INFO]   Writing setter/getter for N <=> ? "fk_option_question"
2016-11-07 12:50:58 [INFO]   Applying setter/getter for "N <=> 1"
2016-11-07 12:50:58 [INFO]   Writing setter/getter for N <=> ? "fk_result_group_question1"
2016-11-07 12:50:58 [INFO]   Applying setter/getter for "N <=> 1"
2016-11-07 12:50:58 [INFO]   Writing setter/getter for N <=> ? "fk_result_question1"
2016-11-07 12:50:58 [INFO]   Applying setter/getter for "N <=> 1"
2016-11-07 12:50:58 [INFO]   Writing setter/getter for 1 <=> ? "fk_question_question_type1"
2016-11-07 12:50:58 [INFO]   Applying setter/getter for "1 <=> N"
2016-11-07 12:50:58 [INFO] * question: OK
2016-11-07 12:50:58 [INFO] Writing table "QuestionType"
2016-11-07 12:50:58 [INFO]   Writing 1 <=> ? relation "Question"
2016-11-07 12:50:58 [INFO]   Relation considered as "1 <=> N"
2016-11-07 12:50:58 [INFO]   Writing N <=> 1 constructor "Question"
2016-11-07 12:50:58 [INFO]   Writing setter/getter for column "id"
2016-11-07 12:50:58 [INFO]   Writing setter/getter for column "available"
2016-11-07 12:50:58 [INFO]   Writing setter/getter for column "boolean"
2016-11-07 12:50:58 [INFO]   Writing setter/getter for column "explanation"
2016-11-07 12:50:58 [INFO]   Writing setter/getter for column "externalsource"
2016-11-07 12:50:58 [INFO]   Writing setter/getter for column "name"
2016-11-07 12:50:58 [INFO]   Writing setter/getter for column "multiplechoice"
2016-11-07 12:50:58 [INFO]   Writing setter/getter for column "oneoption"
2016-11-07 12:50:58 [INFO]   Writing setter/getter for column "shortanswer"
2016-11-07 12:50:58 [INFO]   Writing setter/getter for column "created_at"
2016-11-07 12:50:58 [INFO]   Writing setter/getter for N <=> ? "fk_question_question_type1"
2016-11-07 12:50:58 [INFO]   Applying setter/getter for "N <=> 1"
2016-11-07 12:50:58 [INFO] * question_type: OK
2016-11-07 12:50:58 [INFO] Writing table "ReportType"
2016-11-07 12:50:58 [INFO]   Writing 1 <=> ? relation "ClassroomReport"
2016-11-07 12:50:58 [INFO]   Relation considered as "1 <=> N"
2016-11-07 12:50:58 [INFO]   Writing N <=> 1 constructor "ClassroomReport"
2016-11-07 12:50:58 [INFO]   Writing setter/getter for column "id"
2016-11-07 12:50:58 [INFO]   Writing setter/getter for column "available"
2016-11-07 12:50:58 [INFO]   Writing setter/getter for column "name"
2016-11-07 12:50:58 [INFO]   Writing setter/getter for column "explanation"
2016-11-07 12:50:58 [INFO]   Writing setter/getter for column "daily"
2016-11-07 12:50:58 [INFO]   Writing setter/getter for column "weekly"
2016-11-07 12:50:58 [INFO]   Writing setter/getter for column "monthly"
2016-11-07 12:50:58 [INFO]   Writing setter/getter for N <=> ? "fk_classroom_report_report_type1"
2016-11-07 12:50:58 [INFO]   Applying setter/getter for "N <=> 1"
2016-11-07 12:50:58 [INFO] * report_type: OK
2016-11-07 12:50:58 [INFO] Writing table "ResultGroup"
2016-11-07 12:50:58 [INFO]   Writing N <=> ? relation "Group"
2016-11-07 12:50:58 [INFO]   Relation considered as "N <=> 1"
2016-11-07 12:50:58 [INFO]   Writing N <=> ? relation "Question"
2016-11-07 12:50:58 [INFO]   Relation considered as "N <=> 1"
2016-11-07 12:50:58 [INFO]   Writing setter/getter for column "id"
2016-11-07 12:50:58 [INFO]   Writing setter/getter for column "created_at"
2016-11-07 12:50:58 [INFO]   Writing setter/getter for column "updated_at"
2016-11-07 12:50:58 [INFO]   Writing setter/getter for column "iscorrect"
2016-11-07 12:50:58 [INFO]   Writing setter/getter for column "group_id"
2016-11-07 12:50:58 [INFO]   Writing setter/getter for column "question_id"
2016-11-07 12:50:58 [INFO]   Writing setter/getter for column "activity_id"
2016-11-07 12:50:58 [INFO]   Writing setter/getter for 1 <=> ? "fk_result_group_group1"
2016-11-07 12:50:58 [INFO]   Applying setter/getter for "1 <=> N"
2016-11-07 12:50:58 [INFO]   Writing setter/getter for 1 <=> ? "fk_result_group_question1"
2016-11-07 12:50:58 [INFO]   Applying setter/getter for "1 <=> N"
2016-11-07 12:50:58 [INFO] * result_group: OK
2016-11-07 12:50:58 [INFO] Writing table "ResultUser"
2016-11-07 12:50:58 [INFO]   Writing N <=> ? relation "Question"
2016-11-07 12:50:58 [INFO]   Relation considered as "N <=> 1"
2016-11-07 12:50:58 [INFO]   Writing N <=> ? relation "User"
2016-11-07 12:50:58 [INFO]   Relation considered as "N <=> 1"
2016-11-07 12:50:58 [INFO]   Writing setter/getter for column "id"
2016-11-07 12:50:58 [INFO]   Writing setter/getter for column "created_at"
2016-11-07 12:50:58 [INFO]   Writing setter/getter for column "updated_at"
2016-11-07 12:50:58 [INFO]   Writing setter/getter for column "question_id"
2016-11-07 12:50:58 [INFO]   Writing setter/getter for column "user_id"
2016-11-07 12:50:58 [INFO]   Writing setter/getter for column "iscorrect"
2016-11-07 12:50:58 [INFO]   Writing setter/getter for column "activity_id"
2016-11-07 12:50:58 [INFO]   Writing setter/getter for 1 <=> ? "fk_result_question1"
2016-11-07 12:50:58 [INFO]   Applying setter/getter for "1 <=> N"
2016-11-07 12:50:58 [INFO]   Writing setter/getter for 1 <=> ? "fk_result_user1"
2016-11-07 12:50:58 [INFO]   Applying setter/getter for "1 <=> N"
2016-11-07 12:50:58 [INFO] * result_user: OK
2016-11-07 12:50:58 [INFO] Writing table "Session"
2016-11-07 12:50:58 [INFO]   Writing 1 <=> ? relation "ClassroomActivity"
2016-11-07 12:50:58 [INFO]   Relation considered as "1 <=> N"
2016-11-07 12:50:58 [INFO]   Writing 1 <=> ? relation "ClassroomQuestion"
2016-11-07 12:50:58 [INFO]   Relation considered as "1 <=> N"
2016-11-07 12:50:58 [INFO]   Writing N <=> ? relation "Classroom"
2016-11-07 12:50:58 [INFO]   Relation considered as "N <=> 1"
2016-11-07 12:50:58 [INFO]   Writing N <=> 1 constructor "ClassroomActivity"
2016-11-07 12:50:58 [INFO]   Writing N <=> 1 constructor "ClassroomQuestion"
2016-11-07 12:50:58 [INFO]   Writing setter/getter for column "id"
2016-11-07 12:50:58 [INFO]   Writing setter/getter for column "created_at"
2016-11-07 12:50:58 [INFO]   Writing setter/getter for column "finished_at"
2016-11-07 12:50:58 [INFO]   Writing setter/getter for column "classroom_id"
2016-11-07 12:50:58 [INFO]   Writing setter/getter for N <=> ? "fk_classroom_activity_session1"
2016-11-07 12:50:58 [INFO]   Applying setter/getter for "N <=> 1"
2016-11-07 12:50:58 [INFO]   Writing setter/getter for N <=> ? "fk_classroom_question_session1"
2016-11-07 12:50:58 [INFO]   Applying setter/getter for "N <=> 1"
2016-11-07 12:50:58 [INFO]   Writing setter/getter for 1 <=> ? "fk_session_classroom1"
2016-11-07 12:50:58 [INFO]   Applying setter/getter for "1 <=> N"
2016-11-07 12:50:58 [INFO] * session: OK
2016-11-07 12:50:58 [INFO] Writing table "User"
2016-11-07 12:50:58 [INFO]   Writing 1 <=> ? relation "Classroom"
2016-11-07 12:50:58 [INFO]   Relation considered as "1 <=> N"
2016-11-07 12:50:58 [INFO]   Writing 1 <=> ? relation "GroupMember"
2016-11-07 12:50:58 [INFO]   Relation considered as "1 <=> N"
2016-11-07 12:50:58 [INFO]   Writing 1 <=> ? relation "ResultUser"
2016-11-07 12:50:58 [INFO]   Relation considered as "1 <=> N"
2016-11-07 12:50:58 [INFO]   Writing N <=> 1 constructor "Classroom"
2016-11-07 12:50:58 [INFO]   Writing N <=> 1 constructor "GroupMember"
2016-11-07 12:50:58 [INFO]   Writing N <=> 1 constructor "ResultUser"
2016-11-07 12:50:58 [INFO]   Writing setter/getter for column "id"
2016-11-07 12:50:58 [INFO]   Writing setter/getter for column "gender"
2016-11-07 12:50:58 [INFO]   Writing setter/getter for N <=> ? "fk_classroom_user1"
2016-11-07 12:50:58 [INFO]   Applying setter/getter for "N <=> 1"
2016-11-07 12:50:58 [INFO]   Writing setter/getter for N <=> ? "fk_group_member_user1"
2016-11-07 12:50:58 [INFO]   Applying setter/getter for "N <=> 1"
2016-11-07 12:50:58 [INFO]   Writing setter/getter for N <=> ? "fk_result_user1"
2016-11-07 12:50:58 [INFO]   Applying setter/getter for "N <=> 1"
2016-11-07 12:50:58 [INFO] * user: OK
2016-11-07 12:50:58 [INFO] Processing views:
2016-11-07 12:50:58 [INFO] Done writing document
